==========================================
OVERNIGHT EXPERIMENT RUN
==========================================
Starting: Wed Nov  5 21:30:26 PST 2025

Starting caffeinate (prevents sleep for 8 hours)...
Caffeinate PID: 14495

==========================================
Starting: ablation_head_only
==========================================
✓ ablation_head_only completed successfully

Head_only experiment finished at: Wed Nov  5 22:46:41 PST 2025

==========================================
Starting: ablation_last_block
==========================================
✓ ablation_last_block completed successfully

==========================================
ALL EXPERIMENTS COMPLETE
==========================================
Finished: Thu Nov  6 00:05:42 PST 2025

Summary:
  ablation_head_only: SUCCESS
  ablation_last_block: SUCCESS
scripts/run_overnight_head_last.sh: line 70: 14495 Terminated: 15          caffeinate -d -t 28800

Logs saved to:
  - logs/head_only_20251105_213026.log
  - logs/last_block_20251105_213026.log

Results saved to:
  - outputs/ablation_head_only/
  - outputs/ablation_last_block/

